<?xml version="1.0" encoding="UTF-8"?>
<!-- Generated by org.testng.reporters.JUnitReportReporter -->
<testsuite hostname="LAPTOP-L3UO28EN" failures="0" tests="1" name="tests.TestCases" time="50.019" errors="0" timestamp="2021-08-23T00:40:52 EET" skipped="0">
  <testcase classname="tests.TestCases" name="test" time="50.019"/>
  <system-out/>
</testsuite> <!-- tests.TestCases -->
